  [4;36;1mSQL (0.2ms)[0m   [0;1m SELECT name
 FROM sqlite_master
 WHERE type = 'table' AND NOT name = 'sqlite_sequence'
[0m
  [4;35;1mSQL (0.2ms)[0m   [0mselect sqlite_version(*)[0m
  [4;36;1mSQL (3.4ms)[0m   [0;1mCREATE TABLE "schema_migrations" ("version" varchar(255) NOT NULL) [0m
  [4;35;1mSQL (0.1ms)[0m   [0mPRAGMA index_list("schema_migrations")[0m
  [4;36;1mSQL (2.1ms)[0m   [0;1mCREATE UNIQUE INDEX "unique_schema_migrations" ON "schema_migrations" ("version")[0m
  [4;35;1mSQL (0.2ms)[0m   [0m SELECT name
 FROM sqlite_master
 WHERE type = 'table' AND NOT name = 'sqlite_sequence'
[0m
  [4;36;1mSQL (0.1ms)[0m   [0;1mSELECT version FROM schema_migrations[0m
Migrating to CreateWords (20100608180820)
  [4;35;1mSQL (0.4ms)[0m   [0mCREATE TABLE "words" ("id" INTEGER PRIMARY KEY AUTOINCREMENT NOT NULL, "name" varchar(255), "part_of_speech" varchar(255), "created_at" datetime, "updated_at" datetime) [0m
  [4;36;1mSQL (0.1ms)[0m   [0;1mINSERT INTO schema_migrations (version) VALUES ('20100608180820')[0m
Migrating to CreateDefinitions (20100608180839)
  [4;35;1mSQL (0.3ms)[0m   [0mCREATE TABLE "definitions" ("id" INTEGER PRIMARY KEY AUTOINCREMENT NOT NULL, "body" varchar(255), "created_at" datetime, "updated_at" datetime) [0m
  [4;36;1mSQL (0.1ms)[0m   [0;1mINSERT INTO schema_migrations (version) VALUES ('20100608180839')[0m
Migrating to CreateVotes (20100608182004)
  [4;35;1mSQL (0.3ms)[0m   [0mCREATE TABLE "votes" ("id" INTEGER PRIMARY KEY AUTOINCREMENT NOT NULL, "direction" integer, "created_at" datetime, "updated_at" datetime) [0m
  [4;36;1mSQL (0.1ms)[0m   [0;1mINSERT INTO schema_migrations (version) VALUES ('20100608182004')[0m
Migrating to CreateMoods (20100608182427)
  [4;35;1mSQL (0.3ms)[0m   [0mCREATE TABLE "moods" ("id" INTEGER PRIMARY KEY AUTOINCREMENT NOT NULL, "type" varchar(255), "created_at" datetime, "updated_at" datetime) [0m
  [4;36;1mSQL (0.1ms)[0m   [0;1mINSERT INTO schema_migrations (version) VALUES ('20100608182427')[0m
  [4;35;1mSQL (0.4ms)[0m   [0m SELECT name
 FROM sqlite_master
 WHERE type = 'table' AND NOT name = 'sqlite_sequence'
[0m
  [4;36;1mSQL (0.2ms)[0m   [0;1mSELECT version FROM schema_migrations[0m
  [4;35;1mSQL (0.2ms)[0m   [0m SELECT name
 FROM sqlite_master
 WHERE type = 'table' AND NOT name = 'sqlite_sequence'
[0m
  [4;36;1mSQL (0.0ms)[0m   [0;1mPRAGMA index_list("definitions")[0m
  [4;35;1mSQL (0.0ms)[0m   [0mPRAGMA index_list("moods")[0m
  [4;36;1mSQL (0.0ms)[0m   [0;1mPRAGMA index_list("votes")[0m
  [4;35;1mSQL (0.0ms)[0m   [0mPRAGMA index_list("words")[0m
  [4;36;1mSQL (0.5ms)[0m   [0;1m SELECT name
 FROM sqlite_master
 WHERE type = 'table' AND NOT name = 'sqlite_sequence'
[0m
  [4;35;1mSQL (0.3ms)[0m   [0mSELECT version FROM schema_migrations[0m
Migrating to CreateWords (20100608180820)
Migrating to CreateDefinitions (20100608180839)
Migrating to CreateVotes (20100608182004)
Migrating to CreateMoods (20100608182427)
  [4;36;1mSQL (0.1ms)[0m   [0;1mselect sqlite_version(*)[0m
  [4;35;1mSQL (0.2ms)[0m   [0m SELECT name
 FROM sqlite_master
 WHERE type = 'table' AND NOT name = 'sqlite_sequence'
[0m
  [4;36;1mSQL (0.2ms)[0m   [0;1mSELECT version FROM schema_migrations[0m
  [4;35;1mSQL (0.2ms)[0m   [0m SELECT name
 FROM sqlite_master
 WHERE type = 'table' AND NOT name = 'sqlite_sequence'
[0m
  [4;36;1mSQL (0.0ms)[0m   [0;1mPRAGMA index_list("definitions")[0m
  [4;35;1mSQL (0.0ms)[0m   [0mPRAGMA index_list("moods")[0m
  [4;36;1mSQL (0.0ms)[0m   [0;1mPRAGMA index_list("votes")[0m
  [4;35;1mSQL (0.0ms)[0m   [0mPRAGMA index_list("words")[0m


Processing ApplicationController#index (for 127.0.0.1 at 2010-06-09 13:26:28) [GET]

ActionController::RoutingError (No route matches "/words" with {:method=>:get}):
  

Rendering rescues/layout (not_found)


Processing ApplicationController#index (for 127.0.0.1 at 2010-06-09 13:26:31) [GET]

ActionController::RoutingError (No route matches "/words/index" with {:method=>:get}):
  

Rendering rescues/layout (not_found)


Processing WordController#index (for 127.0.0.1 at 2010-06-09 13:26:45) [GET]
  [4;36;1mWord Load (12.5ms)[0m   [0;1mSELECT * FROM "words" [0m

ActionView::MissingTemplate (Missing template word/index.erb in view path app/views):
  

Rendering rescues/layout (internal_server_error)


Processing ApplicationController#index (for 127.0.0.1 at 2010-06-09 13:26:53) [GET]

ActionController::RoutingError (No route matches "/words/index" with {:method=>:get}):
  

Rendering rescues/layout (not_found)


Processing ApplicationController#index (for 127.0.0.1 at 2010-06-09 13:27:00) [GET]

ActionController::RoutingError (No route matches "/words/index" with {:method=>:get}):
  

Rendering rescues/layout (not_found)


Processing ApplicationController#index (for 127.0.0.1 at 2010-06-09 13:27:00) [GET]

ActionController::RoutingError (No route matches "/words/index" with {:method=>:get}):
  

Rendering rescues/layout (not_found)


Processing ApplicationController#index (for 127.0.0.1 at 2010-06-09 13:27:06) [GET]

ActionController::RoutingError (No route matches "/words/index" with {:method=>:get}):
  

Rendering rescues/layout (not_found)


Processing ApplicationController#index (for 127.0.0.1 at 2010-06-09 13:27:07) [GET]

ActionController::RoutingError (No route matches "/words/index" with {:method=>:get}):
  

Rendering rescues/layout (not_found)


Processing ApplicationController#index (for 127.0.0.1 at 2010-06-09 13:27:08) [GET]

ActionController::RoutingError (No route matches "/words/index" with {:method=>:get}):
  

Rendering rescues/layout (not_found)


Processing ApplicationController#index (for 127.0.0.1 at 2010-06-09 13:27:08) [GET]

ActionController::RoutingError (No route matches "/words/index" with {:method=>:get}):
  

Rendering rescues/layout (not_found)


Processing ApplicationController#index (for 127.0.0.1 at 2010-06-09 13:27:08) [GET]

ActionController::RoutingError (No route matches "/words/index" with {:method=>:get}):
  

Rendering rescues/layout (not_found)


Processing WordController#index (for 127.0.0.1 at 2010-06-09 13:28:14) [GET]
  [4;35;1mWord Load (0.3ms)[0m   [0mSELECT * FROM "words" [0m

ActionView::MissingTemplate (Missing template word/index.erb in view path app/views):
  

Rendering rescues/layout (internal_server_error)


Processing WordController#index (for 127.0.0.1 at 2010-06-09 13:28:26) [GET]
  [4;36;1mWord Load (0.4ms)[0m   [0;1mSELECT * FROM "words" [0m

ActionView::MissingTemplate (Missing template word/index.erb in view path app/views):
  

Rendering rescues/layout (internal_server_error)


Processing WordController#index (for 127.0.0.1 at 2010-06-09 13:28:27) [GET]
  [4;35;1mWord Load (0.4ms)[0m   [0mSELECT * FROM "words" [0m

ActionView::MissingTemplate (Missing template word/index.erb in view path app/views):
  

Rendering rescues/layout (internal_server_error)


Processing WordController#index (for 127.0.0.1 at 2010-06-09 13:28:28) [GET]
  [4;36;1mWord Load (0.4ms)[0m   [0;1mSELECT * FROM "words" [0m

ActionView::MissingTemplate (Missing template word/index.erb in view path app/views):
  

Rendering rescues/layout (internal_server_error)


Processing WordController#index (for 127.0.0.1 at 2010-06-09 13:28:32) [GET]
  [4;35;1mWord Load (0.4ms)[0m   [0mSELECT * FROM "words" [0m

ActionView::MissingTemplate (Missing template word/index.erb in view path app/views):
  

Rendering rescues/layout (internal_server_error)


Processing WordController#index (for 127.0.0.1 at 2010-06-09 13:30:35) [GET]
  [4;36;1mWord Load (0.5ms)[0m   [0;1mSELECT * FROM "words" [0m
Rendering word/index
ERROR: compiling _run_erb_app47views47word47index46html46erb RAISED compile error
/Users/yale/Sites/gist/gistapp/app/views/word/index.html.erb:4: syntax error, unexpected kEND
; @output_buffer.concat(( end ).to_s); @output_buffer.concat "\n</ul>"
                             ^
/Users/yale/Sites/gist/gistapp/app/views/word/index.html.erb:6: syntax error, unexpected kENSURE, expecting kEND
/Users/yale/Sites/gist/gistapp/app/views/word/index.html.erb:8: syntax error, unexpected $end, expecting kEND
Function body:           def _run_erb_app47views47word47index46html46erb(local_assigns)
            old_output_buffer = output_buffer;;@output_buffer = '';  __in_erb_template=true ; @output_buffer.concat "<ul>\n"
;  @words.each do |word| ; @output_buffer.concat "\n  <li>"
; @output_buffer.concat(( word.name ).to_s); @output_buffer.concat "</li>\n"
; @output_buffer.concat(( end ).to_s); @output_buffer.concat "\n</ul>"
; @output_buffer
          ensure
            self.output_buffer = old_output_buffer
          end
Backtrace: /Users/yale/Sites/gist/gistapp/app/views/word/index.html.erb:8:in `compile!'
/Library/Ruby/Gems/1.8/gems/actionpack-2.3.8/lib/action_view/renderable.rb:61:in `compile'
/Library/Ruby/Gems/1.8/gems/actionpack-2.3.8/lib/action_view/renderable.rb:28:in `render'
/Library/Ruby/Gems/1.8/gems/actionpack-2.3.8/lib/action_view/template.rb:205:in `render_template'
/Library/Ruby/Gems/1.8/gems/actionpack-2.3.8/lib/action_view/base.rb:265:in `render'
/Library/Ruby/Gems/1.8/gems/actionpack-2.3.8/lib/action_controller/base.rb:1250:in `render_for_file'
/Library/Ruby/Gems/1.8/gems/actionpack-2.3.8/lib/action_controller/base.rb:936:in `render_without_benchmark'
/Library/Ruby/Gems/1.8/gems/actionpack-2.3.8/lib/action_controller/benchmarking.rb:51:in `render'
/Library/Ruby/Gems/1.8/gems/activesupport-2.3.8/lib/active_support/core_ext/benchmark.rb:17:in `ms'
/System/Library/Frameworks/Ruby.framework/Versions/1.8/usr/lib/ruby/1.8/benchmark.rb:308:in `realtime'
/Library/Ruby/Gems/1.8/gems/activesupport-2.3.8/lib/active_support/core_ext/benchmark.rb:17:in `ms'
/Library/Ruby/Gems/1.8/gems/actionpack-2.3.8/lib/action_controller/benchmarking.rb:51:in `render'
/Library/Ruby/Gems/1.8/gems/actionpack-2.3.8/lib/action_controller/base.rb:1326:in `default_render'
/Library/Ruby/Gems/1.8/gems/actionpack-2.3.8/lib/action_controller/base.rb:1332:in `perform_action_without_filters'
/Library/Ruby/Gems/1.8/gems/actionpack-2.3.8/lib/action_controller/filters.rb:617:in `call_filters'
/Library/Ruby/Gems/1.8/gems/actionpack-2.3.8/lib/action_controller/filters.rb:610:in `perform_action_without_benchmark'
/Library/Ruby/Gems/1.8/gems/actionpack-2.3.8/lib/action_controller/benchmarking.rb:68:in `perform_action_without_rescue'
/Library/Ruby/Gems/1.8/gems/activesupport-2.3.8/lib/active_support/core_ext/benchmark.rb:17:in `ms'
/System/Library/Frameworks/Ruby.framework/Versions/1.8/usr/lib/ruby/1.8/benchmark.rb:308:in `realtime'
/Library/Ruby/Gems/1.8/gems/activesupport-2.3.8/lib/active_support/core_ext/benchmark.rb:17:in `ms'
/Library/Ruby/Gems/1.8/gems/actionpack-2.3.8/lib/action_controller/benchmarking.rb:68:in `perform_action_without_rescue'
/Library/Ruby/Gems/1.8/gems/actionpack-2.3.8/lib/action_controller/rescue.rb:160:in `perform_action_without_flash'
/Library/Ruby/Gems/1.8/gems/actionpack-2.3.8/lib/action_controller/flash.rb:151:in `perform_action'
/Library/Ruby/Gems/1.8/gems/actionpack-2.3.8/lib/action_controller/base.rb:532:in `send'
/Library/Ruby/Gems/1.8/gems/actionpack-2.3.8/lib/action_controller/base.rb:532:in `process_without_filters'
/Library/Ruby/Gems/1.8/gems/actionpack-2.3.8/lib/action_controller/filters.rb:606:in `process'
/Library/Ruby/Gems/1.8/gems/actionpack-2.3.8/lib/action_controller/base.rb:391:in `process'
/Library/Ruby/Gems/1.8/gems/actionpack-2.3.8/lib/action_controller/base.rb:386:in `call'
/Library/Ruby/Gems/1.8/gems/actionpack-2.3.8/lib/action_controller/routing/route_set.rb:438:in `call'
/Library/Ruby/Gems/1.8/gems/actionpack-2.3.8/lib/action_controller/dispatcher.rb:87:in `dispatch'
/Library/Ruby/Gems/1.8/gems/actionpack-2.3.8/lib/action_controller/dispatcher.rb:121:in `_call'
/Library/Ruby/Gems/1.8/gems/actionpack-2.3.8/lib/action_controller/dispatcher.rb:130:in `build_middleware_stack'
/Library/Ruby/Gems/1.8/gems/activerecord-2.3.8/lib/active_record/query_cache.rb:29:in `call'
/Library/Ruby/Gems/1.8/gems/activerecord-2.3.8/lib/active_record/query_cache.rb:29:in `call'
/Library/Ruby/Gems/1.8/gems/activerecord-2.3.8/lib/active_record/connection_adapters/abstract/query_cache.rb:34:in `cache'
/Library/Ruby/Gems/1.8/gems/activerecord-2.3.8/lib/active_record/query_cache.rb:9:in `cache'
/Library/Ruby/Gems/1.8/gems/activerecord-2.3.8/lib/active_record/query_cache.rb:28:in `call'
/Library/Ruby/Gems/1.8/gems/activerecord-2.3.8/lib/active_record/connection_adapters/abstract/connection_pool.rb:361:in `call'
/Library/Ruby/Gems/1.8/gems/actionpack-2.3.8/lib/action_controller/string_coercion.rb:25:in `call'
/Library/Ruby/Gems/1.8/gems/rack-1.1.0/lib/rack/head.rb:9:in `call'
/Library/Ruby/Gems/1.8/gems/rack-1.1.0/lib/rack/methodoverride.rb:24:in `call'
/Library/Ruby/Gems/1.8/gems/actionpack-2.3.8/lib/action_controller/params_parser.rb:15:in `call'
/Library/Ruby/Gems/1.8/gems/actionpack-2.3.8/lib/action_controller/session/cookie_store.rb:99:in `call'
/Library/Ruby/Gems/1.8/gems/actionpack-2.3.8/lib/action_controller/failsafe.rb:26:in `call'
/Library/Ruby/Gems/1.8/gems/rack-1.1.0/lib/rack/lock.rb:11:in `call'
/Library/Ruby/Gems/1.8/gems/rack-1.1.0/lib/rack/lock.rb:11:in `synchronize'
/Library/Ruby/Gems/1.8/gems/rack-1.1.0/lib/rack/lock.rb:11:in `call'
/Library/Ruby/Gems/1.8/gems/actionpack-2.3.8/lib/action_controller/dispatcher.rb:114:in `call'
/Library/Ruby/Gems/1.8/gems/actionpack-2.3.8/lib/action_controller/reloader.rb:34:in `run'
/Library/Ruby/Gems/1.8/gems/actionpack-2.3.8/lib/action_controller/dispatcher.rb:108:in `call'
/Library/Ruby/Gems/1.8/gems/rails-2.3.8/lib/rails/rack/static.rb:31:in `call'
/Library/Ruby/Gems/1.8/gems/rack-1.1.0/lib/rack/urlmap.rb:47:in `call'
/Library/Ruby/Gems/1.8/gems/rack-1.1.0/lib/rack/urlmap.rb:41:in `each'
/Library/Ruby/Gems/1.8/gems/rack-1.1.0/lib/rack/urlmap.rb:41:in `call'
/Library/Ruby/Gems/1.8/gems/rails-2.3.8/lib/rails/rack/log_tailer.rb:17:in `call'
/Library/Ruby/Gems/1.8/gems/rack-1.1.0/lib/rack/content_length.rb:13:in `call'
/Library/Ruby/Gems/1.8/gems/rack-1.1.0/lib/rack/chunked.rb:15:in `call'
/Library/Ruby/Gems/1.8/gems/rack-1.1.0/lib/rack/handler/mongrel.rb:67:in `process'
/System/Library/Frameworks/Ruby.framework/Versions/1.8/usr/lib/ruby/gems/1.8/gems/mongrel-1.1.5/lib/mongrel.rb:159:in `process_client'
/System/Library/Frameworks/Ruby.framework/Versions/1.8/usr/lib/ruby/gems/1.8/gems/mongrel-1.1.5/lib/mongrel.rb:158:in `each'
/System/Library/Frameworks/Ruby.framework/Versions/1.8/usr/lib/ruby/gems/1.8/gems/mongrel-1.1.5/lib/mongrel.rb:158:in `process_client'
/System/Library/Frameworks/Ruby.framework/Versions/1.8/usr/lib/ruby/gems/1.8/gems/mongrel-1.1.5/lib/mongrel.rb:285:in `run'
/System/Library/Frameworks/Ruby.framework/Versions/1.8/usr/lib/ruby/gems/1.8/gems/mongrel-1.1.5/lib/mongrel.rb:285:in `initialize'
/System/Library/Frameworks/Ruby.framework/Versions/1.8/usr/lib/ruby/gems/1.8/gems/mongrel-1.1.5/lib/mongrel.rb:285:in `new'
/System/Library/Frameworks/Ruby.framework/Versions/1.8/usr/lib/ruby/gems/1.8/gems/mongrel-1.1.5/lib/mongrel.rb:285:in `run'
/System/Library/Frameworks/Ruby.framework/Versions/1.8/usr/lib/ruby/gems/1.8/gems/mongrel-1.1.5/lib/mongrel.rb:268:in `initialize'
/System/Library/Frameworks/Ruby.framework/Versions/1.8/usr/lib/ruby/gems/1.8/gems/mongrel-1.1.5/lib/mongrel.rb:268:in `new'
/System/Library/Frameworks/Ruby.framework/Versions/1.8/usr/lib/ruby/gems/1.8/gems/mongrel-1.1.5/lib/mongrel.rb:268:in `run'
/Library/Ruby/Gems/1.8/gems/rack-1.1.0/lib/rack/handler/mongrel.rb:38:in `run'
/Library/Ruby/Gems/1.8/gems/rails-2.3.8/lib/commands/server.rb:111
/Library/Ruby/Site/1.8/rubygems/custom_require.rb:31:in `gem_original_require'
/Library/Ruby/Site/1.8/rubygems/custom_require.rb:31:in `require'
script/server:3

ActionView::TemplateError (compile error
/Users/yale/Sites/gist/gistapp/app/views/word/index.html.erb:4: syntax error, unexpected kEND
; @output_buffer.concat(( end ).to_s); @output_buffer.concat "\n</ul>"
                             ^
/Users/yale/Sites/gist/gistapp/app/views/word/index.html.erb:6: syntax error, unexpected kENSURE, expecting kEND
/Users/yale/Sites/gist/gistapp/app/views/word/index.html.erb:8: syntax error, unexpected $end, expecting kEND) on line #4 of app/views/word/index.html.erb:
1: <ul>
2: <% @words.each do |word| %>
3:   <li><%= word.name %></li>
4: <%= end %>
5: </ul>

    app/views/word/index.html.erb:8:in `compile!'

Rendered rescues/_trace (102.7ms)
Rendered rescues/_request_and_response (15.4ms)
Rendering rescues/layout (internal_server_error)


Processing WordController#index (for 127.0.0.1 at 2010-06-09 13:30:48) [GET]
  [4;35;1mWord Load (0.3ms)[0m   [0mSELECT * FROM "words" [0m
Rendering word/index
Completed in 9ms (View: 5, DB: 0) | 200 OK [http://localhost/word/]


Processing WordController#index (for 127.0.0.1 at 2010-06-09 13:30:49) [GET]
  [4;36;1mWord Load (0.4ms)[0m   [0;1mSELECT * FROM "words" [0m
Rendering word/index
Completed in 5ms (View: 1, DB: 0) | 200 OK [http://localhost/word/]


Processing WordController#index (for 127.0.0.1 at 2010-06-09 13:30:49) [GET]
  [4;35;1mWord Load (0.4ms)[0m   [0mSELECT * FROM "words" [0m
Rendering word/index
Completed in 5ms (View: 1, DB: 0) | 200 OK [http://localhost/word/]


Processing WordController#index (for 127.0.0.1 at 2010-06-09 13:30:50) [GET]
  [4;36;1mWord Load (0.4ms)[0m   [0;1mSELECT * FROM "words" [0m
Rendering word/index
Completed in 5ms (View: 1, DB: 0) | 200 OK [http://localhost/word/]


Processing WordController#index (for 127.0.0.1 at 2010-06-09 13:31:47) [GET]
  [4;35;1mWord Load (0.4ms)[0m   [0mSELECT * FROM "words" [0m
Rendering word/index
ERROR: compiling _run_erb_app47views47word47index46html46erb RAISED compile error
/Users/yale/Sites/gist/gistapp/app/views/word/index.html.erb:9: syntax error, unexpected kELSE, expecting kEND
;  else ; @output_buffer.concat "\n<p>There are no words defined.</p>"
       ^
/Users/yale/Sites/gist/gistapp/app/views/word/index.html.erb:11: syntax error, unexpected kENSURE, expecting kEND
/Users/yale/Sites/gist/gistapp/app/views/word/index.html.erb:13: syntax error, unexpected $end
Function body:           def _run_erb_app47views47word47index46html46erb(local_assigns)
            old_output_buffer = output_buffer;;@output_buffer = '';  __in_erb_template=true ; @output_buffer.concat "<h1>List of words</h1>\n\n"

;  unless @words.empty? do ; @output_buffer.concat "\n<ul>\n"

;  @words.each do |word| ; @output_buffer.concat "\n  <li>"
; @output_buffer.concat(( word.name ).to_s); @output_buffer.concat "</li>\n"
;  end ; @output_buffer.concat "\n</ul>\n"

;  else ; @output_buffer.concat "\n<p>There are no words defined.</p>"
; @output_buffer
          ensure
            self.output_buffer = old_output_buffer
          end
Backtrace: /Users/yale/Sites/gist/gistapp/app/views/word/index.html.erb:13:in `compile!'
/Library/Ruby/Gems/1.8/gems/actionpack-2.3.8/lib/action_view/renderable.rb:61:in `compile'
/Library/Ruby/Gems/1.8/gems/actionpack-2.3.8/lib/action_view/renderable.rb:28:in `render'
/Library/Ruby/Gems/1.8/gems/actionpack-2.3.8/lib/action_view/template.rb:205:in `render_template'
/Library/Ruby/Gems/1.8/gems/actionpack-2.3.8/lib/action_view/base.rb:265:in `render'
/Library/Ruby/Gems/1.8/gems/actionpack-2.3.8/lib/action_controller/base.rb:1250:in `render_for_file'
/Library/Ruby/Gems/1.8/gems/actionpack-2.3.8/lib/action_controller/base.rb:936:in `render_without_benchmark'
/Library/Ruby/Gems/1.8/gems/actionpack-2.3.8/lib/action_controller/benchmarking.rb:51:in `render'
/Library/Ruby/Gems/1.8/gems/activesupport-2.3.8/lib/active_support/core_ext/benchmark.rb:17:in `ms'
/System/Library/Frameworks/Ruby.framework/Versions/1.8/usr/lib/ruby/1.8/benchmark.rb:308:in `realtime'
/Library/Ruby/Gems/1.8/gems/activesupport-2.3.8/lib/active_support/core_ext/benchmark.rb:17:in `ms'
/Library/Ruby/Gems/1.8/gems/actionpack-2.3.8/lib/action_controller/benchmarking.rb:51:in `render'
/Library/Ruby/Gems/1.8/gems/actionpack-2.3.8/lib/action_controller/base.rb:1326:in `default_render'
/Library/Ruby/Gems/1.8/gems/actionpack-2.3.8/lib/action_controller/base.rb:1332:in `perform_action_without_filters'
/Library/Ruby/Gems/1.8/gems/actionpack-2.3.8/lib/action_controller/filters.rb:617:in `call_filters'
/Library/Ruby/Gems/1.8/gems/actionpack-2.3.8/lib/action_controller/filters.rb:610:in `perform_action_without_benchmark'
/Library/Ruby/Gems/1.8/gems/actionpack-2.3.8/lib/action_controller/benchmarking.rb:68:in `perform_action_without_rescue'
/Library/Ruby/Gems/1.8/gems/activesupport-2.3.8/lib/active_support/core_ext/benchmark.rb:17:in `ms'
/System/Library/Frameworks/Ruby.framework/Versions/1.8/usr/lib/ruby/1.8/benchmark.rb:308:in `realtime'
/Library/Ruby/Gems/1.8/gems/activesupport-2.3.8/lib/active_support/core_ext/benchmark.rb:17:in `ms'
/Library/Ruby/Gems/1.8/gems/actionpack-2.3.8/lib/action_controller/benchmarking.rb:68:in `perform_action_without_rescue'
/Library/Ruby/Gems/1.8/gems/actionpack-2.3.8/lib/action_controller/rescue.rb:160:in `perform_action_without_flash'
/Library/Ruby/Gems/1.8/gems/actionpack-2.3.8/lib/action_controller/flash.rb:151:in `perform_action'
/Library/Ruby/Gems/1.8/gems/actionpack-2.3.8/lib/action_controller/base.rb:532:in `send'
/Library/Ruby/Gems/1.8/gems/actionpack-2.3.8/lib/action_controller/base.rb:532:in `process_without_filters'
/Library/Ruby/Gems/1.8/gems/actionpack-2.3.8/lib/action_controller/filters.rb:606:in `process'
/Library/Ruby/Gems/1.8/gems/actionpack-2.3.8/lib/action_controller/base.rb:391:in `process'
/Library/Ruby/Gems/1.8/gems/actionpack-2.3.8/lib/action_controller/base.rb:386:in `call'
/Library/Ruby/Gems/1.8/gems/actionpack-2.3.8/lib/action_controller/routing/route_set.rb:438:in `call'
/Library/Ruby/Gems/1.8/gems/actionpack-2.3.8/lib/action_controller/dispatcher.rb:87:in `dispatch'
/Library/Ruby/Gems/1.8/gems/actionpack-2.3.8/lib/action_controller/dispatcher.rb:121:in `_call'
/Library/Ruby/Gems/1.8/gems/actionpack-2.3.8/lib/action_controller/dispatcher.rb:130:in `build_middleware_stack'
/Library/Ruby/Gems/1.8/gems/activerecord-2.3.8/lib/active_record/query_cache.rb:29:in `call'
/Library/Ruby/Gems/1.8/gems/activerecord-2.3.8/lib/active_record/query_cache.rb:29:in `call'
/Library/Ruby/Gems/1.8/gems/activerecord-2.3.8/lib/active_record/connection_adapters/abstract/query_cache.rb:34:in `cache'
/Library/Ruby/Gems/1.8/gems/activerecord-2.3.8/lib/active_record/query_cache.rb:9:in `cache'
/Library/Ruby/Gems/1.8/gems/activerecord-2.3.8/lib/active_record/query_cache.rb:28:in `call'
/Library/Ruby/Gems/1.8/gems/activerecord-2.3.8/lib/active_record/connection_adapters/abstract/connection_pool.rb:361:in `call'
/Library/Ruby/Gems/1.8/gems/actionpack-2.3.8/lib/action_controller/string_coercion.rb:25:in `call'
/Library/Ruby/Gems/1.8/gems/rack-1.1.0/lib/rack/head.rb:9:in `call'
/Library/Ruby/Gems/1.8/gems/rack-1.1.0/lib/rack/methodoverride.rb:24:in `call'
/Library/Ruby/Gems/1.8/gems/actionpack-2.3.8/lib/action_controller/params_parser.rb:15:in `call'
/Library/Ruby/Gems/1.8/gems/actionpack-2.3.8/lib/action_controller/session/cookie_store.rb:99:in `call'
/Library/Ruby/Gems/1.8/gems/actionpack-2.3.8/lib/action_controller/failsafe.rb:26:in `call'
/Library/Ruby/Gems/1.8/gems/rack-1.1.0/lib/rack/lock.rb:11:in `call'
/Library/Ruby/Gems/1.8/gems/rack-1.1.0/lib/rack/lock.rb:11:in `synchronize'
/Library/Ruby/Gems/1.8/gems/rack-1.1.0/lib/rack/lock.rb:11:in `call'
/Library/Ruby/Gems/1.8/gems/actionpack-2.3.8/lib/action_controller/dispatcher.rb:114:in `call'
/Library/Ruby/Gems/1.8/gems/actionpack-2.3.8/lib/action_controller/reloader.rb:34:in `run'
/Library/Ruby/Gems/1.8/gems/actionpack-2.3.8/lib/action_controller/dispatcher.rb:108:in `call'
/Library/Ruby/Gems/1.8/gems/rails-2.3.8/lib/rails/rack/static.rb:31:in `call'
/Library/Ruby/Gems/1.8/gems/rack-1.1.0/lib/rack/urlmap.rb:47:in `call'
/Library/Ruby/Gems/1.8/gems/rack-1.1.0/lib/rack/urlmap.rb:41:in `each'
/Library/Ruby/Gems/1.8/gems/rack-1.1.0/lib/rack/urlmap.rb:41:in `call'
/Library/Ruby/Gems/1.8/gems/rails-2.3.8/lib/rails/rack/log_tailer.rb:17:in `call'
/Library/Ruby/Gems/1.8/gems/rack-1.1.0/lib/rack/content_length.rb:13:in `call'
/Library/Ruby/Gems/1.8/gems/rack-1.1.0/lib/rack/chunked.rb:15:in `call'
/Library/Ruby/Gems/1.8/gems/rack-1.1.0/lib/rack/handler/mongrel.rb:67:in `process'
/System/Library/Frameworks/Ruby.framework/Versions/1.8/usr/lib/ruby/gems/1.8/gems/mongrel-1.1.5/lib/mongrel.rb:159:in `process_client'
/System/Library/Frameworks/Ruby.framework/Versions/1.8/usr/lib/ruby/gems/1.8/gems/mongrel-1.1.5/lib/mongrel.rb:158:in `each'
/System/Library/Frameworks/Ruby.framework/Versions/1.8/usr/lib/ruby/gems/1.8/gems/mongrel-1.1.5/lib/mongrel.rb:158:in `process_client'
/System/Library/Frameworks/Ruby.framework/Versions/1.8/usr/lib/ruby/gems/1.8/gems/mongrel-1.1.5/lib/mongrel.rb:285:in `run'
/System/Library/Frameworks/Ruby.framework/Versions/1.8/usr/lib/ruby/gems/1.8/gems/mongrel-1.1.5/lib/mongrel.rb:285:in `initialize'
/System/Library/Frameworks/Ruby.framework/Versions/1.8/usr/lib/ruby/gems/1.8/gems/mongrel-1.1.5/lib/mongrel.rb:285:in `new'
/System/Library/Frameworks/Ruby.framework/Versions/1.8/usr/lib/ruby/gems/1.8/gems/mongrel-1.1.5/lib/mongrel.rb:285:in `run'
/System/Library/Frameworks/Ruby.framework/Versions/1.8/usr/lib/ruby/gems/1.8/gems/mongrel-1.1.5/lib/mongrel.rb:268:in `initialize'
/System/Library/Frameworks/Ruby.framework/Versions/1.8/usr/lib/ruby/gems/1.8/gems/mongrel-1.1.5/lib/mongrel.rb:268:in `new'
/System/Library/Frameworks/Ruby.framework/Versions/1.8/usr/lib/ruby/gems/1.8/gems/mongrel-1.1.5/lib/mongrel.rb:268:in `run'
/Library/Ruby/Gems/1.8/gems/rack-1.1.0/lib/rack/handler/mongrel.rb:38:in `run'
/Library/Ruby/Gems/1.8/gems/rails-2.3.8/lib/commands/server.rb:111
/Library/Ruby/Site/1.8/rubygems/custom_require.rb:31:in `gem_original_require'
/Library/Ruby/Site/1.8/rubygems/custom_require.rb:31:in `require'
script/server:3

ActionView::TemplateError (compile error
/Users/yale/Sites/gist/gistapp/app/views/word/index.html.erb:9: syntax error, unexpected kELSE, expecting kEND
;  else ; @output_buffer.concat "\n<p>There are no words defined.</p>"
       ^
/Users/yale/Sites/gist/gistapp/app/views/word/index.html.erb:11: syntax error, unexpected kENSURE, expecting kEND
/Users/yale/Sites/gist/gistapp/app/views/word/index.html.erb:13: syntax error, unexpected $end) on line #9 of app/views/word/index.html.erb:
6:   <li><%= word.name %></li>
7: <% end %>
8: </ul>
9: <% else %>
10: <p>There are no words defined.</p>

    app/views/word/index.html.erb:13:in `compile!'

Rendered rescues/_trace (111.5ms)
Rendered rescues/_request_and_response (0.3ms)
Rendering rescues/layout (internal_server_error)


Processing WordController#index (for 127.0.0.1 at 2010-06-09 13:32:02) [GET]
  [4;36;1mWord Load (0.4ms)[0m   [0;1mSELECT * FROM "words" [0m
Rendering word/index
ERROR: compiling _run_erb_app47views47word47index46html46erb RAISED compile error
/Users/yale/Sites/gist/gistapp/app/views/word/index.html.erb:9: syntax error, unexpected kELSE, expecting kEND
;  else ; @output_buffer.concat "\n<p>There are no words defined.</p>"
       ^
/Users/yale/Sites/gist/gistapp/app/views/word/index.html.erb:11: syntax error, unexpected kENSURE, expecting kEND
/Users/yale/Sites/gist/gistapp/app/views/word/index.html.erb:13: syntax error, unexpected $end
Function body:           def _run_erb_app47views47word47index46html46erb(local_assigns)
            old_output_buffer = output_buffer;;@output_buffer = '';  __in_erb_template=true ; @output_buffer.concat "<h1>List of words</h1>\n\n"

;  if !@words.empty? do ; @output_buffer.concat "\n<ul>\n"

;  @words.each do |word| ; @output_buffer.concat "\n  <li>"
; @output_buffer.concat(( word.name ).to_s); @output_buffer.concat "</li>\n"
;  end ; @output_buffer.concat "\n</ul>\n"

;  else ; @output_buffer.concat "\n<p>There are no words defined.</p>"
; @output_buffer
          ensure
            self.output_buffer = old_output_buffer
          end
Backtrace: /Users/yale/Sites/gist/gistapp/app/views/word/index.html.erb:13:in `compile!'
/Library/Ruby/Gems/1.8/gems/actionpack-2.3.8/lib/action_view/renderable.rb:61:in `compile'
/Library/Ruby/Gems/1.8/gems/actionpack-2.3.8/lib/action_view/renderable.rb:28:in `render'
/Library/Ruby/Gems/1.8/gems/actionpack-2.3.8/lib/action_view/template.rb:205:in `render_template'
/Library/Ruby/Gems/1.8/gems/actionpack-2.3.8/lib/action_view/base.rb:265:in `render'
/Library/Ruby/Gems/1.8/gems/actionpack-2.3.8/lib/action_controller/base.rb:1250:in `render_for_file'
/Library/Ruby/Gems/1.8/gems/actionpack-2.3.8/lib/action_controller/base.rb:936:in `render_without_benchmark'
/Library/Ruby/Gems/1.8/gems/actionpack-2.3.8/lib/action_controller/benchmarking.rb:51:in `render'
/Library/Ruby/Gems/1.8/gems/activesupport-2.3.8/lib/active_support/core_ext/benchmark.rb:17:in `ms'
/System/Library/Frameworks/Ruby.framework/Versions/1.8/usr/lib/ruby/1.8/benchmark.rb:308:in `realtime'
/Library/Ruby/Gems/1.8/gems/activesupport-2.3.8/lib/active_support/core_ext/benchmark.rb:17:in `ms'
/Library/Ruby/Gems/1.8/gems/actionpack-2.3.8/lib/action_controller/benchmarking.rb:51:in `render'
/Library/Ruby/Gems/1.8/gems/actionpack-2.3.8/lib/action_controller/base.rb:1326:in `default_render'
/Library/Ruby/Gems/1.8/gems/actionpack-2.3.8/lib/action_controller/base.rb:1332:in `perform_action_without_filters'
/Library/Ruby/Gems/1.8/gems/actionpack-2.3.8/lib/action_controller/filters.rb:617:in `call_filters'
/Library/Ruby/Gems/1.8/gems/actionpack-2.3.8/lib/action_controller/filters.rb:610:in `perform_action_without_benchmark'
/Library/Ruby/Gems/1.8/gems/actionpack-2.3.8/lib/action_controller/benchmarking.rb:68:in `perform_action_without_rescue'
/Library/Ruby/Gems/1.8/gems/activesupport-2.3.8/lib/active_support/core_ext/benchmark.rb:17:in `ms'
/System/Library/Frameworks/Ruby.framework/Versions/1.8/usr/lib/ruby/1.8/benchmark.rb:308:in `realtime'
/Library/Ruby/Gems/1.8/gems/activesupport-2.3.8/lib/active_support/core_ext/benchmark.rb:17:in `ms'
/Library/Ruby/Gems/1.8/gems/actionpack-2.3.8/lib/action_controller/benchmarking.rb:68:in `perform_action_without_rescue'
/Library/Ruby/Gems/1.8/gems/actionpack-2.3.8/lib/action_controller/rescue.rb:160:in `perform_action_without_flash'
/Library/Ruby/Gems/1.8/gems/actionpack-2.3.8/lib/action_controller/flash.rb:151:in `perform_action'
/Library/Ruby/Gems/1.8/gems/actionpack-2.3.8/lib/action_controller/base.rb:532:in `send'
/Library/Ruby/Gems/1.8/gems/actionpack-2.3.8/lib/action_controller/base.rb:532:in `process_without_filters'
/Library/Ruby/Gems/1.8/gems/actionpack-2.3.8/lib/action_controller/filters.rb:606:in `process'
/Library/Ruby/Gems/1.8/gems/actionpack-2.3.8/lib/action_controller/base.rb:391:in `process'
/Library/Ruby/Gems/1.8/gems/actionpack-2.3.8/lib/action_controller/base.rb:386:in `call'
/Library/Ruby/Gems/1.8/gems/actionpack-2.3.8/lib/action_controller/routing/route_set.rb:438:in `call'
/Library/Ruby/Gems/1.8/gems/actionpack-2.3.8/lib/action_controller/dispatcher.rb:87:in `dispatch'
/Library/Ruby/Gems/1.8/gems/actionpack-2.3.8/lib/action_controller/dispatcher.rb:121:in `_call'
/Library/Ruby/Gems/1.8/gems/actionpack-2.3.8/lib/action_controller/dispatcher.rb:130:in `build_middleware_stack'
/Library/Ruby/Gems/1.8/gems/activerecord-2.3.8/lib/active_record/query_cache.rb:29:in `call'
/Library/Ruby/Gems/1.8/gems/activerecord-2.3.8/lib/active_record/query_cache.rb:29:in `call'
/Library/Ruby/Gems/1.8/gems/activerecord-2.3.8/lib/active_record/connection_adapters/abstract/query_cache.rb:34:in `cache'
/Library/Ruby/Gems/1.8/gems/activerecord-2.3.8/lib/active_record/query_cache.rb:9:in `cache'
/Library/Ruby/Gems/1.8/gems/activerecord-2.3.8/lib/active_record/query_cache.rb:28:in `call'
/Library/Ruby/Gems/1.8/gems/activerecord-2.3.8/lib/active_record/connection_adapters/abstract/connection_pool.rb:361:in `call'
/Library/Ruby/Gems/1.8/gems/actionpack-2.3.8/lib/action_controller/string_coercion.rb:25:in `call'
/Library/Ruby/Gems/1.8/gems/rack-1.1.0/lib/rack/head.rb:9:in `call'
/Library/Ruby/Gems/1.8/gems/rack-1.1.0/lib/rack/methodoverride.rb:24:in `call'
/Library/Ruby/Gems/1.8/gems/actionpack-2.3.8/lib/action_controller/params_parser.rb:15:in `call'
/Library/Ruby/Gems/1.8/gems/actionpack-2.3.8/lib/action_controller/session/cookie_store.rb:99:in `call'
/Library/Ruby/Gems/1.8/gems/actionpack-2.3.8/lib/action_controller/failsafe.rb:26:in `call'
/Library/Ruby/Gems/1.8/gems/rack-1.1.0/lib/rack/lock.rb:11:in `call'
/Library/Ruby/Gems/1.8/gems/rack-1.1.0/lib/rack/lock.rb:11:in `synchronize'
/Library/Ruby/Gems/1.8/gems/rack-1.1.0/lib/rack/lock.rb:11:in `call'
/Library/Ruby/Gems/1.8/gems/actionpack-2.3.8/lib/action_controller/dispatcher.rb:114:in `call'
/Library/Ruby/Gems/1.8/gems/actionpack-2.3.8/lib/action_controller/reloader.rb:34:in `run'
/Library/Ruby/Gems/1.8/gems/actionpack-2.3.8/lib/action_controller/dispatcher.rb:108:in `call'
/Library/Ruby/Gems/1.8/gems/rails-2.3.8/lib/rails/rack/static.rb:31:in `call'
/Library/Ruby/Gems/1.8/gems/rack-1.1.0/lib/rack/urlmap.rb:47:in `call'
/Library/Ruby/Gems/1.8/gems/rack-1.1.0/lib/rack/urlmap.rb:41:in `each'
/Library/Ruby/Gems/1.8/gems/rack-1.1.0/lib/rack/urlmap.rb:41:in `call'
/Library/Ruby/Gems/1.8/gems/rails-2.3.8/lib/rails/rack/log_tailer.rb:17:in `call'
/Library/Ruby/Gems/1.8/gems/rack-1.1.0/lib/rack/content_length.rb:13:in `call'
/Library/Ruby/Gems/1.8/gems/rack-1.1.0/lib/rack/chunked.rb:15:in `call'
/Library/Ruby/Gems/1.8/gems/rack-1.1.0/lib/rack/handler/mongrel.rb:67:in `process'
/System/Library/Frameworks/Ruby.framework/Versions/1.8/usr/lib/ruby/gems/1.8/gems/mongrel-1.1.5/lib/mongrel.rb:159:in `process_client'
/System/Library/Frameworks/Ruby.framework/Versions/1.8/usr/lib/ruby/gems/1.8/gems/mongrel-1.1.5/lib/mongrel.rb:158:in `each'
/System/Library/Frameworks/Ruby.framework/Versions/1.8/usr/lib/ruby/gems/1.8/gems/mongrel-1.1.5/lib/mongrel.rb:158:in `process_client'
/System/Library/Frameworks/Ruby.framework/Versions/1.8/usr/lib/ruby/gems/1.8/gems/mongrel-1.1.5/lib/mongrel.rb:285:in `run'
/System/Library/Frameworks/Ruby.framework/Versions/1.8/usr/lib/ruby/gems/1.8/gems/mongrel-1.1.5/lib/mongrel.rb:285:in `initialize'
/System/Library/Frameworks/Ruby.framework/Versions/1.8/usr/lib/ruby/gems/1.8/gems/mongrel-1.1.5/lib/mongrel.rb:285:in `new'
/System/Library/Frameworks/Ruby.framework/Versions/1.8/usr/lib/ruby/gems/1.8/gems/mongrel-1.1.5/lib/mongrel.rb:285:in `run'
/System/Library/Frameworks/Ruby.framework/Versions/1.8/usr/lib/ruby/gems/1.8/gems/mongrel-1.1.5/lib/mongrel.rb:268:in `initialize'
/System/Library/Frameworks/Ruby.framework/Versions/1.8/usr/lib/ruby/gems/1.8/gems/mongrel-1.1.5/lib/mongrel.rb:268:in `new'
/System/Library/Frameworks/Ruby.framework/Versions/1.8/usr/lib/ruby/gems/1.8/gems/mongrel-1.1.5/lib/mongrel.rb:268:in `run'
/Library/Ruby/Gems/1.8/gems/rack-1.1.0/lib/rack/handler/mongrel.rb:38:in `run'
/Library/Ruby/Gems/1.8/gems/rails-2.3.8/lib/commands/server.rb:111
/Library/Ruby/Site/1.8/rubygems/custom_require.rb:31:in `gem_original_require'
/Library/Ruby/Site/1.8/rubygems/custom_require.rb:31:in `require'
script/server:3

ActionView::TemplateError (compile error
/Users/yale/Sites/gist/gistapp/app/views/word/index.html.erb:9: syntax error, unexpected kELSE, expecting kEND
;  else ; @output_buffer.concat "\n<p>There are no words defined.</p>"
       ^
/Users/yale/Sites/gist/gistapp/app/views/word/index.html.erb:11: syntax error, unexpected kENSURE, expecting kEND
/Users/yale/Sites/gist/gistapp/app/views/word/index.html.erb:13: syntax error, unexpected $end) on line #9 of app/views/word/index.html.erb:
6:   <li><%= word.name %></li>
7: <% end %>
8: </ul>
9: <% else %>
10: <p>There are no words defined.</p>

    app/views/word/index.html.erb:13:in `compile!'

Rendered rescues/_trace (33.4ms)
Rendered rescues/_request_and_response (0.3ms)
Rendering rescues/layout (internal_server_error)


Processing WordController#index (for 127.0.0.1 at 2010-06-09 13:32:02) [GET]
  [4;35;1mWord Load (0.4ms)[0m   [0mSELECT * FROM "words" [0m
Rendering word/index
ERROR: compiling _run_erb_app47views47word47index46html46erb RAISED compile error
/Users/yale/Sites/gist/gistapp/app/views/word/index.html.erb:9: syntax error, unexpected kELSE, expecting kEND
;  else ; @output_buffer.concat "\n<p>There are no words defined.</p>"
       ^
/Users/yale/Sites/gist/gistapp/app/views/word/index.html.erb:11: syntax error, unexpected kENSURE, expecting kEND
/Users/yale/Sites/gist/gistapp/app/views/word/index.html.erb:13: syntax error, unexpected $end
Function body:           def _run_erb_app47views47word47index46html46erb(local_assigns)
            old_output_buffer = output_buffer;;@output_buffer = '';  __in_erb_template=true ; @output_buffer.concat "<h1>List of words</h1>\n\n"

;  if !@words.empty? do ; @output_buffer.concat "\n<ul>\n"

;  @words.each do |word| ; @output_buffer.concat "\n  <li>"
; @output_buffer.concat(( word.name ).to_s); @output_buffer.concat "</li>\n"
;  end ; @output_buffer.concat "\n</ul>\n"

;  else ; @output_buffer.concat "\n<p>There are no words defined.</p>"
; @output_buffer
          ensure
            self.output_buffer = old_output_buffer
          end
Backtrace: /Users/yale/Sites/gist/gistapp/app/views/word/index.html.erb:13:in `compile!'
/Library/Ruby/Gems/1.8/gems/actionpack-2.3.8/lib/action_view/renderable.rb:61:in `compile'
/Library/Ruby/Gems/1.8/gems/actionpack-2.3.8/lib/action_view/renderable.rb:28:in `render'
/Library/Ruby/Gems/1.8/gems/actionpack-2.3.8/lib/action_view/template.rb:205:in `render_template'
/Library/Ruby/Gems/1.8/gems/actionpack-2.3.8/lib/action_view/base.rb:265:in `render'
/Library/Ruby/Gems/1.8/gems/actionpack-2.3.8/lib/action_controller/base.rb:1250:in `render_for_file'
/Library/Ruby/Gems/1.8/gems/actionpack-2.3.8/lib/action_controller/base.rb:936:in `render_without_benchmark'
/Library/Ruby/Gems/1.8/gems/actionpack-2.3.8/lib/action_controller/benchmarking.rb:51:in `render'
/Library/Ruby/Gems/1.8/gems/activesupport-2.3.8/lib/active_support/core_ext/benchmark.rb:17:in `ms'
/System/Library/Frameworks/Ruby.framework/Versions/1.8/usr/lib/ruby/1.8/benchmark.rb:308:in `realtime'
/Library/Ruby/Gems/1.8/gems/activesupport-2.3.8/lib/active_support/core_ext/benchmark.rb:17:in `ms'
/Library/Ruby/Gems/1.8/gems/actionpack-2.3.8/lib/action_controller/benchmarking.rb:51:in `render'
/Library/Ruby/Gems/1.8/gems/actionpack-2.3.8/lib/action_controller/base.rb:1326:in `default_render'
/Library/Ruby/Gems/1.8/gems/actionpack-2.3.8/lib/action_controller/base.rb:1332:in `perform_action_without_filters'
/Library/Ruby/Gems/1.8/gems/actionpack-2.3.8/lib/action_controller/filters.rb:617:in `call_filters'
/Library/Ruby/Gems/1.8/gems/actionpack-2.3.8/lib/action_controller/filters.rb:610:in `perform_action_without_benchmark'
/Library/Ruby/Gems/1.8/gems/actionpack-2.3.8/lib/action_controller/benchmarking.rb:68:in `perform_action_without_rescue'
/Library/Ruby/Gems/1.8/gems/activesupport-2.3.8/lib/active_support/core_ext/benchmark.rb:17:in `ms'
/System/Library/Frameworks/Ruby.framework/Versions/1.8/usr/lib/ruby/1.8/benchmark.rb:308:in `realtime'
/Library/Ruby/Gems/1.8/gems/activesupport-2.3.8/lib/active_support/core_ext/benchmark.rb:17:in `ms'
/Library/Ruby/Gems/1.8/gems/actionpack-2.3.8/lib/action_controller/benchmarking.rb:68:in `perform_action_without_rescue'
/Library/Ruby/Gems/1.8/gems/actionpack-2.3.8/lib/action_controller/rescue.rb:160:in `perform_action_without_flash'
/Library/Ruby/Gems/1.8/gems/actionpack-2.3.8/lib/action_controller/flash.rb:151:in `perform_action'
/Library/Ruby/Gems/1.8/gems/actionpack-2.3.8/lib/action_controller/base.rb:532:in `send'
/Library/Ruby/Gems/1.8/gems/actionpack-2.3.8/lib/action_controller/base.rb:532:in `process_without_filters'
/Library/Ruby/Gems/1.8/gems/actionpack-2.3.8/lib/action_controller/filters.rb:606:in `process'
/Library/Ruby/Gems/1.8/gems/actionpack-2.3.8/lib/action_controller/base.rb:391:in `process'
/Library/Ruby/Gems/1.8/gems/actionpack-2.3.8/lib/action_controller/base.rb:386:in `call'
/Library/Ruby/Gems/1.8/gems/actionpack-2.3.8/lib/action_controller/routing/route_set.rb:438:in `call'
/Library/Ruby/Gems/1.8/gems/actionpack-2.3.8/lib/action_controller/dispatcher.rb:87:in `dispatch'
/Library/Ruby/Gems/1.8/gems/actionpack-2.3.8/lib/action_controller/dispatcher.rb:121:in `_call'
/Library/Ruby/Gems/1.8/gems/actionpack-2.3.8/lib/action_controller/dispatcher.rb:130:in `build_middleware_stack'
/Library/Ruby/Gems/1.8/gems/activerecord-2.3.8/lib/active_record/query_cache.rb:29:in `call'
/Library/Ruby/Gems/1.8/gems/activerecord-2.3.8/lib/active_record/query_cache.rb:29:in `call'
/Library/Ruby/Gems/1.8/gems/activerecord-2.3.8/lib/active_record/connection_adapters/abstract/query_cache.rb:34:in `cache'
/Library/Ruby/Gems/1.8/gems/activerecord-2.3.8/lib/active_record/query_cache.rb:9:in `cache'
/Library/Ruby/Gems/1.8/gems/activerecord-2.3.8/lib/active_record/query_cache.rb:28:in `call'
/Library/Ruby/Gems/1.8/gems/activerecord-2.3.8/lib/active_record/connection_adapters/abstract/connection_pool.rb:361:in `call'
/Library/Ruby/Gems/1.8/gems/actionpack-2.3.8/lib/action_controller/string_coercion.rb:25:in `call'
/Library/Ruby/Gems/1.8/gems/rack-1.1.0/lib/rack/head.rb:9:in `call'
/Library/Ruby/Gems/1.8/gems/rack-1.1.0/lib/rack/methodoverride.rb:24:in `call'
/Library/Ruby/Gems/1.8/gems/actionpack-2.3.8/lib/action_controller/params_parser.rb:15:in `call'
/Library/Ruby/Gems/1.8/gems/actionpack-2.3.8/lib/action_controller/session/cookie_store.rb:99:in `call'
/Library/Ruby/Gems/1.8/gems/actionpack-2.3.8/lib/action_controller/failsafe.rb:26:in `call'
/Library/Ruby/Gems/1.8/gems/rack-1.1.0/lib/rack/lock.rb:11:in `call'
/Library/Ruby/Gems/1.8/gems/rack-1.1.0/lib/rack/lock.rb:11:in `synchronize'
/Library/Ruby/Gems/1.8/gems/rack-1.1.0/lib/rack/lock.rb:11:in `call'
/Library/Ruby/Gems/1.8/gems/actionpack-2.3.8/lib/action_controller/dispatcher.rb:114:in `call'
/Library/Ruby/Gems/1.8/gems/actionpack-2.3.8/lib/action_controller/reloader.rb:34:in `run'
/Library/Ruby/Gems/1.8/gems/actionpack-2.3.8/lib/action_controller/dispatcher.rb:108:in `call'
/Library/Ruby/Gems/1.8/gems/rails-2.3.8/lib/rails/rack/static.rb:31:in `call'
/Library/Ruby/Gems/1.8/gems/rack-1.1.0/lib/rack/urlmap.rb:47:in `call'
/Library/Ruby/Gems/1.8/gems/rack-1.1.0/lib/rack/urlmap.rb:41:in `each'
/Library/Ruby/Gems/1.8/gems/rack-1.1.0/lib/rack/urlmap.rb:41:in `call'
/Library/Ruby/Gems/1.8/gems/rails-2.3.8/lib/rails/rack/log_tailer.rb:17:in `call'
/Library/Ruby/Gems/1.8/gems/rack-1.1.0/lib/rack/content_length.rb:13:in `call'
/Library/Ruby/Gems/1.8/gems/rack-1.1.0/lib/rack/chunked.rb:15:in `call'
/Library/Ruby/Gems/1.8/gems/rack-1.1.0/lib/rack/handler/mongrel.rb:67:in `process'
/System/Library/Frameworks/Ruby.framework/Versions/1.8/usr/lib/ruby/gems/1.8/gems/mongrel-1.1.5/lib/mongrel.rb:159:in `process_client'
/System/Library/Frameworks/Ruby.framework/Versions/1.8/usr/lib/ruby/gems/1.8/gems/mongrel-1.1.5/lib/mongrel.rb:158:in `each'
/System/Library/Frameworks/Ruby.framework/Versions/1.8/usr/lib/ruby/gems/1.8/gems/mongrel-1.1.5/lib/mongrel.rb:158:in `process_client'
/System/Library/Frameworks/Ruby.framework/Versions/1.8/usr/lib/ruby/gems/1.8/gems/mongrel-1.1.5/lib/mongrel.rb:285:in `run'
/System/Library/Frameworks/Ruby.framework/Versions/1.8/usr/lib/ruby/gems/1.8/gems/mongrel-1.1.5/lib/mongrel.rb:285:in `initialize'
/System/Library/Frameworks/Ruby.framework/Versions/1.8/usr/lib/ruby/gems/1.8/gems/mongrel-1.1.5/lib/mongrel.rb:285:in `new'
/System/Library/Frameworks/Ruby.framework/Versions/1.8/usr/lib/ruby/gems/1.8/gems/mongrel-1.1.5/lib/mongrel.rb:285:in `run'
/System/Library/Frameworks/Ruby.framework/Versions/1.8/usr/lib/ruby/gems/1.8/gems/mongrel-1.1.5/lib/mongrel.rb:268:in `initialize'
/System/Library/Frameworks/Ruby.framework/Versions/1.8/usr/lib/ruby/gems/1.8/gems/mongrel-1.1.5/lib/mongrel.rb:268:in `new'
/System/Library/Frameworks/Ruby.framework/Versions/1.8/usr/lib/ruby/gems/1.8/gems/mongrel-1.1.5/lib/mongrel.rb:268:in `run'
/Library/Ruby/Gems/1.8/gems/rack-1.1.0/lib/rack/handler/mongrel.rb:38:in `run'
/Library/Ruby/Gems/1.8/gems/rails-2.3.8/lib/commands/server.rb:111
/Library/Ruby/Site/1.8/rubygems/custom_require.rb:31:in `gem_original_require'
/Library/Ruby/Site/1.8/rubygems/custom_require.rb:31:in `require'
script/server:3

ActionView::TemplateError (compile error
/Users/yale/Sites/gist/gistapp/app/views/word/index.html.erb:9: syntax error, unexpected kELSE, expecting kEND
;  else ; @output_buffer.concat "\n<p>There are no words defined.</p>"
       ^
/Users/yale/Sites/gist/gistapp/app/views/word/index.html.erb:11: syntax error, unexpected kENSURE, expecting kEND
/Users/yale/Sites/gist/gistapp/app/views/word/index.html.erb:13: syntax error, unexpected $end) on line #9 of app/views/word/index.html.erb:
6:   <li><%= word.name %></li>
7: <% end %>
8: </ul>
9: <% else %>
10: <p>There are no words defined.</p>

    app/views/word/index.html.erb:13:in `compile!'

Rendered rescues/_trace (111.7ms)
Rendered rescues/_request_and_response (0.3ms)
Rendering rescues/layout (internal_server_error)


Processing WordController#index (for 127.0.0.1 at 2010-06-09 13:32:10) [GET]
  [4;36;1mWord Load (0.4ms)[0m   [0;1mSELECT * FROM "words" [0m
Rendering word/index
ERROR: compiling _run_erb_app47views47word47index46html46erb RAISED compile error
/Users/yale/Sites/gist/gistapp/app/views/word/index.html.erb:11: syntax error, unexpected kENSURE, expecting kEND
/Users/yale/Sites/gist/gistapp/app/views/word/index.html.erb:13: syntax error, unexpected $end, expecting kEND
Function body:           def _run_erb_app47views47word47index46html46erb(local_assigns)
            old_output_buffer = output_buffer;;@output_buffer = '';  __in_erb_template=true ; @output_buffer.concat "<h1>List of words</h1>\n\n"

;  if !@words.empty? ; @output_buffer.concat "\n<ul>\n"

;  @words.each do |word| ; @output_buffer.concat "\n  <li>"
; @output_buffer.concat(( word.name ).to_s); @output_buffer.concat "</li>\n"
;  end ; @output_buffer.concat "\n</ul>\n"

;  else ; @output_buffer.concat "\n<p>There are no words defined.</p>"
; @output_buffer
          ensure
            self.output_buffer = old_output_buffer
          end
Backtrace: /Users/yale/Sites/gist/gistapp/app/views/word/index.html.erb:13:in `compile!'
/Library/Ruby/Gems/1.8/gems/actionpack-2.3.8/lib/action_view/renderable.rb:61:in `compile'
/Library/Ruby/Gems/1.8/gems/actionpack-2.3.8/lib/action_view/renderable.rb:28:in `render'
/Library/Ruby/Gems/1.8/gems/actionpack-2.3.8/lib/action_view/template.rb:205:in `render_template'
/Library/Ruby/Gems/1.8/gems/actionpack-2.3.8/lib/action_view/base.rb:265:in `render'
/Library/Ruby/Gems/1.8/gems/actionpack-2.3.8/lib/action_controller/base.rb:1250:in `render_for_file'
/Library/Ruby/Gems/1.8/gems/actionpack-2.3.8/lib/action_controller/base.rb:936:in `render_without_benchmark'
/Library/Ruby/Gems/1.8/gems/actionpack-2.3.8/lib/action_controller/benchmarking.rb:51:in `render'
/Library/Ruby/Gems/1.8/gems/activesupport-2.3.8/lib/active_support/core_ext/benchmark.rb:17:in `ms'
/System/Library/Frameworks/Ruby.framework/Versions/1.8/usr/lib/ruby/1.8/benchmark.rb:308:in `realtime'
/Library/Ruby/Gems/1.8/gems/activesupport-2.3.8/lib/active_support/core_ext/benchmark.rb:17:in `ms'
/Library/Ruby/Gems/1.8/gems/actionpack-2.3.8/lib/action_controller/benchmarking.rb:51:in `render'
/Library/Ruby/Gems/1.8/gems/actionpack-2.3.8/lib/action_controller/base.rb:1326:in `default_render'
/Library/Ruby/Gems/1.8/gems/actionpack-2.3.8/lib/action_controller/base.rb:1332:in `perform_action_without_filters'
/Library/Ruby/Gems/1.8/gems/actionpack-2.3.8/lib/action_controller/filters.rb:617:in `call_filters'
/Library/Ruby/Gems/1.8/gems/actionpack-2.3.8/lib/action_controller/filters.rb:610:in `perform_action_without_benchmark'
/Library/Ruby/Gems/1.8/gems/actionpack-2.3.8/lib/action_controller/benchmarking.rb:68:in `perform_action_without_rescue'
/Library/Ruby/Gems/1.8/gems/activesupport-2.3.8/lib/active_support/core_ext/benchmark.rb:17:in `ms'
/System/Library/Frameworks/Ruby.framework/Versions/1.8/usr/lib/ruby/1.8/benchmark.rb:308:in `realtime'
/Library/Ruby/Gems/1.8/gems/activesupport-2.3.8/lib/active_support/core_ext/benchmark.rb:17:in `ms'
/Library/Ruby/Gems/1.8/gems/actionpack-2.3.8/lib/action_controller/benchmarking.rb:68:in `perform_action_without_rescue'
/Library/Ruby/Gems/1.8/gems/actionpack-2.3.8/lib/action_controller/rescue.rb:160:in `perform_action_without_flash'
/Library/Ruby/Gems/1.8/gems/actionpack-2.3.8/lib/action_controller/flash.rb:151:in `perform_action'
/Library/Ruby/Gems/1.8/gems/actionpack-2.3.8/lib/action_controller/base.rb:532:in `send'
/Library/Ruby/Gems/1.8/gems/actionpack-2.3.8/lib/action_controller/base.rb:532:in `process_without_filters'
/Library/Ruby/Gems/1.8/gems/actionpack-2.3.8/lib/action_controller/filters.rb:606:in `process'
/Library/Ruby/Gems/1.8/gems/actionpack-2.3.8/lib/action_controller/base.rb:391:in `process'
/Library/Ruby/Gems/1.8/gems/actionpack-2.3.8/lib/action_controller/base.rb:386:in `call'
/Library/Ruby/Gems/1.8/gems/actionpack-2.3.8/lib/action_controller/routing/route_set.rb:438:in `call'
/Library/Ruby/Gems/1.8/gems/actionpack-2.3.8/lib/action_controller/dispatcher.rb:87:in `dispatch'
/Library/Ruby/Gems/1.8/gems/actionpack-2.3.8/lib/action_controller/dispatcher.rb:121:in `_call'
/Library/Ruby/Gems/1.8/gems/actionpack-2.3.8/lib/action_controller/dispatcher.rb:130:in `build_middleware_stack'
/Library/Ruby/Gems/1.8/gems/activerecord-2.3.8/lib/active_record/query_cache.rb:29:in `call'
/Library/Ruby/Gems/1.8/gems/activerecord-2.3.8/lib/active_record/query_cache.rb:29:in `call'
/Library/Ruby/Gems/1.8/gems/activerecord-2.3.8/lib/active_record/connection_adapters/abstract/query_cache.rb:34:in `cache'
/Library/Ruby/Gems/1.8/gems/activerecord-2.3.8/lib/active_record/query_cache.rb:9:in `cache'
/Library/Ruby/Gems/1.8/gems/activerecord-2.3.8/lib/active_record/query_cache.rb:28:in `call'
/Library/Ruby/Gems/1.8/gems/activerecord-2.3.8/lib/active_record/connection_adapters/abstract/connection_pool.rb:361:in `call'
/Library/Ruby/Gems/1.8/gems/actionpack-2.3.8/lib/action_controller/string_coercion.rb:25:in `call'
/Library/Ruby/Gems/1.8/gems/rack-1.1.0/lib/rack/head.rb:9:in `call'
/Library/Ruby/Gems/1.8/gems/rack-1.1.0/lib/rack/methodoverride.rb:24:in `call'
/Library/Ruby/Gems/1.8/gems/actionpack-2.3.8/lib/action_controller/params_parser.rb:15:in `call'
/Library/Ruby/Gems/1.8/gems/actionpack-2.3.8/lib/action_controller/session/cookie_store.rb:99:in `call'
/Library/Ruby/Gems/1.8/gems/actionpack-2.3.8/lib/action_controller/failsafe.rb:26:in `call'
/Library/Ruby/Gems/1.8/gems/rack-1.1.0/lib/rack/lock.rb:11:in `call'
/Library/Ruby/Gems/1.8/gems/rack-1.1.0/lib/rack/lock.rb:11:in `synchronize'
/Library/Ruby/Gems/1.8/gems/rack-1.1.0/lib/rack/lock.rb:11:in `call'
/Library/Ruby/Gems/1.8/gems/actionpack-2.3.8/lib/action_controller/dispatcher.rb:114:in `call'
/Library/Ruby/Gems/1.8/gems/actionpack-2.3.8/lib/action_controller/reloader.rb:34:in `run'
/Library/Ruby/Gems/1.8/gems/actionpack-2.3.8/lib/action_controller/dispatcher.rb:108:in `call'
/Library/Ruby/Gems/1.8/gems/rails-2.3.8/lib/rails/rack/static.rb:31:in `call'
/Library/Ruby/Gems/1.8/gems/rack-1.1.0/lib/rack/urlmap.rb:47:in `call'
/Library/Ruby/Gems/1.8/gems/rack-1.1.0/lib/rack/urlmap.rb:41:in `each'
/Library/Ruby/Gems/1.8/gems/rack-1.1.0/lib/rack/urlmap.rb:41:in `call'
/Library/Ruby/Gems/1.8/gems/rails-2.3.8/lib/rails/rack/log_tailer.rb:17:in `call'
/Library/Ruby/Gems/1.8/gems/rack-1.1.0/lib/rack/content_length.rb:13:in `call'
/Library/Ruby/Gems/1.8/gems/rack-1.1.0/lib/rack/chunked.rb:15:in `call'
/Library/Ruby/Gems/1.8/gems/rack-1.1.0/lib/rack/handler/mongrel.rb:67:in `process'
/System/Library/Frameworks/Ruby.framework/Versions/1.8/usr/lib/ruby/gems/1.8/gems/mongrel-1.1.5/lib/mongrel.rb:159:in `process_client'
/System/Library/Frameworks/Ruby.framework/Versions/1.8/usr/lib/ruby/gems/1.8/gems/mongrel-1.1.5/lib/mongrel.rb:158:in `each'
/System/Library/Frameworks/Ruby.framework/Versions/1.8/usr/lib/ruby/gems/1.8/gems/mongrel-1.1.5/lib/mongrel.rb:158:in `process_client'
/System/Library/Frameworks/Ruby.framework/Versions/1.8/usr/lib/ruby/gems/1.8/gems/mongrel-1.1.5/lib/mongrel.rb:285:in `run'
/System/Library/Frameworks/Ruby.framework/Versions/1.8/usr/lib/ruby/gems/1.8/gems/mongrel-1.1.5/lib/mongrel.rb:285:in `initialize'
/System/Library/Frameworks/Ruby.framework/Versions/1.8/usr/lib/ruby/gems/1.8/gems/mongrel-1.1.5/lib/mongrel.rb:285:in `new'
/System/Library/Frameworks/Ruby.framework/Versions/1.8/usr/lib/ruby/gems/1.8/gems/mongrel-1.1.5/lib/mongrel.rb:285:in `run'
/System/Library/Frameworks/Ruby.framework/Versions/1.8/usr/lib/ruby/gems/1.8/gems/mongrel-1.1.5/lib/mongrel.rb:268:in `initialize'
/System/Library/Frameworks/Ruby.framework/Versions/1.8/usr/lib/ruby/gems/1.8/gems/mongrel-1.1.5/lib/mongrel.rb:268:in `new'
/System/Library/Frameworks/Ruby.framework/Versions/1.8/usr/lib/ruby/gems/1.8/gems/mongrel-1.1.5/lib/mongrel.rb:268:in `run'
/Library/Ruby/Gems/1.8/gems/rack-1.1.0/lib/rack/handler/mongrel.rb:38:in `run'
/Library/Ruby/Gems/1.8/gems/rails-2.3.8/lib/commands/server.rb:111
/Library/Ruby/Site/1.8/rubygems/custom_require.rb:31:in `gem_original_require'
/Library/Ruby/Site/1.8/rubygems/custom_require.rb:31:in `require'
script/server:3

ActionView::TemplateError (compile error
/Users/yale/Sites/gist/gistapp/app/views/word/index.html.erb:11: syntax error, unexpected kENSURE, expecting kEND
/Users/yale/Sites/gist/gistapp/app/views/word/index.html.erb:13: syntax error, unexpected $end, expecting kEND) on line #11 of app/views/word/index.html.erb:
8: </ul>
9: <% else %>
10: <p>There are no words defined.</p>

    app/views/word/index.html.erb:13:in `compile!'

Rendered rescues/_trace (33.5ms)
Rendered rescues/_request_and_response (0.3ms)
Rendering rescues/layout (internal_server_error)


Processing WordController#index (for 127.0.0.1 at 2010-06-09 13:32:15) [GET]
  [4;35;1mWord Load (0.4ms)[0m   [0mSELECT * FROM "words" [0m
Rendering word/index
Completed in 8ms (View: 4, DB: 0) | 200 OK [http://localhost/word/]


Processing WordController#index (for 127.0.0.1 at 2010-06-09 13:32:17) [GET]
  [4;36;1mWord Load (0.4ms)[0m   [0;1mSELECT * FROM "words" [0m
Rendering word/index
Completed in 5ms (View: 1, DB: 0) | 200 OK [http://localhost/word/]


Processing WordController#index (for 127.0.0.1 at 2010-06-09 13:33:44) [GET]
  [4;35;1mWord Load (0.4ms)[0m   [0mSELECT * FROM "words" [0m
Rendering word/index
Completed in 13ms (View: 6, DB: 0) | 200 OK [http://localhost/word/]


Processing ApplicationController#index (for 127.0.0.1 at 2010-06-09 13:37:50) [GET]

ActionController::RoutingError (No route matches "/words/" with {:method=>:get}):
  

Rendering rescues/layout (not_found)


Processing ApplicationController#index (for 127.0.0.1 at 2010-06-09 13:38:22) [GET]

ActionController::RoutingError (No route matches "/words/" with {:method=>:get}):
  

Rendering rescues/layout (not_found)


Processing ApplicationController#index (for 127.0.0.1 at 2010-06-09 13:38:22) [GET]

ActionController::RoutingError (No route matches "/words/" with {:method=>:get}):
  

Rendering rescues/layout (not_found)


Processing ApplicationController#index (for 127.0.0.1 at 2010-06-09 13:38:26) [GET]

NameError (uninitialized constant WordController):
  

Rendered rescues/_trace (26.3ms)
Rendered rescues/_request_and_response (0.3ms)
Rendering rescues/layout (internal_server_error)


Processing WordsController#index (for 127.0.0.1 at 2010-06-09 13:38:45) [GET]
  [4;36;1mWord Load (0.4ms)[0m   [0;1mSELECT * FROM "words" [0m
Rendering words/index
Completed in 17ms (View: 7, DB: 0) | 200 OK [http://localhost/words/]


Processing WordsController#index (for 127.0.0.1 at 2010-06-09 13:38:46) [GET]
  [4;35;1mWord Load (0.4ms)[0m   [0mSELECT * FROM "words" [0m
Rendering words/index
Completed in 6ms (View: 1, DB: 0) | 200 OK [http://localhost/words/]


Processing WordsController#new (for 127.0.0.1 at 2010-06-09 13:38:51) [GET]
Rendering words/new
Completed in 9ms (View: 4, DB: 0) | 200 OK [http://localhost/words/new]


Processing WordsController#index (for 127.0.0.1 at 2010-06-09 13:46:32) [GET]
  [4;36;1mWord Load (0.4ms)[0m   [0;1mSELECT * FROM "words" [0m
Rendering words/index
Completed in 5ms (View: 1, DB: 0) | 200 OK [http://localhost/words/]


Processing WordsController#new (for 127.0.0.1 at 2010-06-09 13:46:33) [GET]
Rendering words/new

ActionView::TemplateError (undefined method `words_path' for #<ActionView::Base:0x104258230>) on line #3 of app/views/words/new.html.erb:
1: <h1>Create a word</h1>
2: 
3: <% form_for @word do |f| -%>
4:   <%= f.error_messages %>
5:   
6:   <p>

    app/views/words/new.html.erb:3
    app/controllers/words_controller.rb:39:in `new'

Rendered rescues/_trace (102.6ms)
Rendered rescues/_request_and_response (1.1ms)
Rendering rescues/layout (internal_server_error)
  [4;36;1mSQL (49.3ms)[0m   [0;1m SELECT name
 FROM sqlite_master
 WHERE type = 'table' AND NOT name = 'sqlite_sequence'
[0m
  [4;35;1mSQL (0.3ms)[0m   [0mSELECT version FROM schema_migrations[0m
Migrating to CreateWords (20100608180820)
Migrating to CreateDefinitions (20100608180839)
Migrating to CreateVotes (20100608182004)
Migrating to CreateMoods (20100608182427)
Migrating to AddWordIdToDefinition (20100609174843)
  [4;36;1mSQL (0.1ms)[0m   [0;1mselect sqlite_version(*)[0m
  [4;35;1mSQL (0.4ms)[0m   [0mALTER TABLE "definitions" ADD "word_id" integer[0m
  [4;36;1mSQL (0.1ms)[0m   [0;1mINSERT INTO schema_migrations (version) VALUES ('20100609174843')[0m
Migrating to AddMoodIdToVote (20100609175035)
  [4;35;1mSQL (0.4ms)[0m   [0mALTER TABLE "votes" ADD "mood_id" integer[0m
  [4;36;1mSQL (0.1ms)[0m   [0;1mINSERT INTO schema_migrations (version) VALUES ('20100609175035')[0m
Migrating to AddDefinitionIdToVote (20100609175634)
  [4;35;1mSQL (0.4ms)[0m   [0mALTER TABLE "votes" ADD "definition_id" integer[0m
  [4;36;1mSQL (0.2ms)[0m   [0;1mINSERT INTO schema_migrations (version) VALUES ('20100609175634')[0m
  [4;35;1mSQL (0.3ms)[0m   [0m SELECT name
 FROM sqlite_master
 WHERE type = 'table' AND NOT name = 'sqlite_sequence'
[0m
  [4;36;1mSQL (0.3ms)[0m   [0;1mSELECT version FROM schema_migrations[0m
  [4;35;1mSQL (0.2ms)[0m   [0m SELECT name
 FROM sqlite_master
 WHERE type = 'table' AND NOT name = 'sqlite_sequence'
[0m
  [4;36;1mSQL (0.0ms)[0m   [0;1mPRAGMA index_list("definitions")[0m
  [4;35;1mSQL (0.0ms)[0m   [0mPRAGMA index_list("moods")[0m
  [4;36;1mSQL (0.0ms)[0m   [0;1mPRAGMA index_list("votes")[0m
  [4;35;1mSQL (0.0ms)[0m   [0mPRAGMA index_list("words")[0m
  [4;36;1mMood Load (11.9ms)[0m   [0;1mSELECT * FROM "moods" [0m
  [4;36;1mSQL (49.0ms)[0m   [0;1m SELECT name
 FROM sqlite_master
 WHERE type = 'table' AND NOT name = 'sqlite_sequence'
[0m
  [4;35;1mSQL (0.3ms)[0m   [0mSELECT version FROM schema_migrations[0m
Migrating to CreateWords (20100608180820)
Migrating to CreateDefinitions (20100608180839)
Migrating to CreateVotes (20100608182004)
Migrating to CreateMoods (20100608182427)
Migrating to AddWordIdToDefinition (20100609174843)
Migrating to AddMoodIdToVote (20100609175035)
Migrating to AddDefinitionIdToVote (20100609175634)
Migrating to RenameMoodTypeToName (20100609181718)
  [4;36;1mSQL (0.1ms)[0m   [0;1mselect sqlite_version(*)[0m
  [4;36;1mSQL (51.2ms)[0m   [0;1m SELECT name
 FROM sqlite_master
 WHERE type = 'table' AND NOT name = 'sqlite_sequence'
[0m
  [4;35;1mSQL (0.4ms)[0m   [0mSELECT version FROM schema_migrations[0m
Migrating to CreateWords (20100608180820)
Migrating to CreateDefinitions (20100608180839)
Migrating to CreateVotes (20100608182004)
Migrating to CreateMoods (20100608182427)
Migrating to AddWordIdToDefinition (20100609174843)
Migrating to AddMoodIdToVote (20100609175035)
Migrating to AddDefinitionIdToVote (20100609175634)
Migrating to RenameMoodTypeToName (20100609181718)
  [4;36;1mSQL (0.1ms)[0m   [0;1mselect sqlite_version(*)[0m
  [4;35;1mSQL (0.6ms)[0m   [0mCREATE TEMPORARY TABLE "altered_moods" ("id" INTEGER PRIMARY KEY AUTOINCREMENT NOT NULL, "name" varchar(255), "created_at" datetime, "updated_at" datetime) [0m
  [4;36;1mSQL (0.0ms)[0m   [0;1mPRAGMA index_list("moods")[0m
  [4;35;1mSQL (0.4ms)[0m   [0mDROP TABLE "moods"[0m
  [4;36;1mSQL (0.1ms)[0m   [0;1mCREATE TABLE "moods" ("id" INTEGER PRIMARY KEY AUTOINCREMENT NOT NULL, "name" varchar(255), "created_at" datetime, "updated_at" datetime) [0m
  [4;35;1mSQL (0.0ms)[0m   [0mPRAGMA index_list("altered_moods")[0m
  [4;36;1mSQL (0.3ms)[0m   [0;1mDROP TABLE "altered_moods"[0m
  [4;35;1mSQL (0.1ms)[0m   [0mINSERT INTO schema_migrations (version) VALUES ('20100609181718')[0m
  [4;36;1mSQL (0.3ms)[0m   [0;1m SELECT name
 FROM sqlite_master
 WHERE type = 'table' AND NOT name = 'sqlite_sequence'
[0m
  [4;35;1mSQL (0.3ms)[0m   [0mSELECT version FROM schema_migrations[0m
  [4;36;1mSQL (0.2ms)[0m   [0;1m SELECT name
 FROM sqlite_master
 WHERE type = 'table' AND NOT name = 'sqlite_sequence'
[0m
  [4;35;1mSQL (0.0ms)[0m   [0mPRAGMA index_list("definitions")[0m
  [4;36;1mSQL (0.0ms)[0m   [0;1mPRAGMA index_list("moods")[0m
  [4;35;1mSQL (0.0ms)[0m   [0mPRAGMA index_list("votes")[0m
  [4;36;1mSQL (0.0ms)[0m   [0;1mPRAGMA index_list("words")[0m
  [4;36;1mMood Create (0.5ms)[0m   [0;1mINSERT INTO "moods" ("name", "created_at", "updated_at") VALUES('Helpful', '2010-06-09 18:19:39', '2010-06-09 18:19:39')[0m
  [4;35;1mMood Create (0.2ms)[0m   [0mINSERT INTO "moods" ("name", "created_at", "updated_at") VALUES('Funny', '2010-06-09 18:19:39', '2010-06-09 18:19:39')[0m
  [4;36;1mMood Create (0.3ms)[0m   [0;1mINSERT INTO "moods" ("name", "created_at", "updated_at") VALUES('Poetic', '2010-06-09 18:19:39', '2010-06-09 18:19:39')[0m
  [4;35;1mMood Create (0.3ms)[0m   [0mINSERT INTO "moods" ("name", "created_at", "updated_at") VALUES('Mature', '2010-06-09 18:19:39', '2010-06-09 18:19:39')[0m
  [4;36;1mMood Create (0.3ms)[0m   [0;1mINSERT INTO "moods" ("name", "created_at", "updated_at") VALUES('Inaccurate', '2010-06-09 18:19:39', '2010-06-09 18:19:39')[0m
  [4;35;1mMood Create (0.3ms)[0m   [0mINSERT INTO "moods" ("name", "created_at", "updated_at") VALUES('Offensive', '2010-06-09 18:19:39', '2010-06-09 18:19:39')[0m


Processing WordsController#new (for 127.0.0.1 at 2010-06-09 14:19:45) [GET]
Rendering words/new

ActionView::TemplateError (undefined method `words_path' for #<ActionView::Base:0x10432a7d0>) on line #3 of app/views/words/new.html.erb:
1: <h1>Create a word</h1>
2: 
3: <% form_for @word do |f| -%>
4:   <%= f.error_messages %>
5:   
6:   <p>

    app/views/words/new.html.erb:3
    app/controllers/words_controller.rb:39:in `new'

Rendered rescues/_trace (45.0ms)
Rendered rescues/_request_and_response (0.3ms)
Rendering rescues/layout (internal_server_error)


Processing WordsController#new (for 127.0.0.1 at 2010-06-09 14:26:45) [GET]
Rendering words/new
Completed in 12ms (View: 7, DB: 0) | 200 OK [http://localhost/words/new]
  [4;36;1mSQL (0.5ms)[0m   [0;1m SELECT name
 FROM sqlite_master
 WHERE type = 'table' AND NOT name = 'sqlite_sequence'
[0m
  [4;35;1mSQL (0.3ms)[0m   [0mSELECT version FROM schema_migrations[0m
Migrating to CreateWords (20100608180820)
Migrating to CreateDefinitions (20100608180839)
Migrating to CreateVotes (20100608182004)
Migrating to CreateMoods (20100608182427)
Migrating to AddWordIdToDefinition (20100609174843)
Migrating to AddMoodIdToVote (20100609175035)
Migrating to AddDefinitionIdToVote (20100609175634)
Migrating to RenameMoodTypeToName (20100609181718)
Migrating to CreateLexicalCategories (20100609190335)
  [4;36;1mSQL (0.1ms)[0m   [0;1mselect sqlite_version(*)[0m
  [4;35;1mSQL (0.4ms)[0m   [0mCREATE TABLE "lexical_categories" ("id" INTEGER PRIMARY KEY AUTOINCREMENT NOT NULL, "name" varchar(255), "code" varchar(255), "created_at" datetime, "updated_at" datetime) [0m
  [4;36;1mSQL (0.1ms)[0m   [0;1mINSERT INTO schema_migrations (version) VALUES ('20100609190335')[0m
  [4;35;1mSQL (0.3ms)[0m   [0m SELECT name
 FROM sqlite_master
 WHERE type = 'table' AND NOT name = 'sqlite_sequence'
[0m
  [4;36;1mSQL (0.3ms)[0m   [0;1mSELECT version FROM schema_migrations[0m
  [4;35;1mSQL (0.2ms)[0m   [0m SELECT name
 FROM sqlite_master
 WHERE type = 'table' AND NOT name = 'sqlite_sequence'
[0m
  [4;36;1mSQL (0.0ms)[0m   [0;1mPRAGMA index_list("definitions")[0m
  [4;35;1mSQL (0.0ms)[0m   [0mPRAGMA index_list("lexical_categories")[0m
  [4;36;1mSQL (0.0ms)[0m   [0;1mPRAGMA index_list("moods")[0m
  [4;35;1mSQL (0.0ms)[0m   [0mPRAGMA index_list("votes")[0m
  [4;36;1mSQL (0.0ms)[0m   [0;1mPRAGMA index_list("words")[0m


Processing ApplicationController#index (for 127.0.0.1 at 2010-06-09 23:00:18) [GET]

ActionController::RoutingError (No route matches "/task" with {:method=>:get}):
  

Rendering rescues/layout (not_found)


Processing ApplicationController#index (for 127.0.0.1 at 2010-06-09 23:00:20) [GET]

ActionController::RoutingError (No route matches "/tasks" with {:method=>:get}):
  

Rendering rescues/layout (not_found)


Processing ApplicationController#index (for 127.0.0.1 at 2010-06-09 23:00:25) [GET]

ActionController::RoutingError (No route matches "/task" with {:method=>:get}):
  

Rendering rescues/layout (not_found)


Processing ApplicationController#index (for 127.0.0.1 at 2010-06-09 23:00:27) [GET]

ActionController::RoutingError (No route matches "/tasks" with {:method=>:get}):
  

Rendering rescues/layout (not_found)
